01:00:15 T:3046957584  NOTICE: -----------------------------------------------------------------------
01:00:15 T:3046957584  NOTICE: Starting XBMC (12.2 Git:d1002b4), Platform: Linux (, 3.10.20 armv6l). Built on Nov 26 2013
01:00:15 T:3046957584  NOTICE: special://xbmc/ is mapped to: /usr/share/xbmc
01:00:15 T:3046957584  NOTICE: special://xbmcbin/ is mapped to: /usr/lib/xbmc
01:00:15 T:3046957584  NOTICE: special://masterprofile/ is mapped to: /storage/.xbmc/userdata
01:00:15 T:3046957584  NOTICE: special://home/ is mapped to: /storage/.xbmc
01:00:15 T:3046957584  NOTICE: special://temp/ is mapped to: /storage/.xbmc/temp
01:00:15 T:3046957584  NOTICE: The executable running is: /usr/lib/xbmc/xbmc.bin
01:00:15 T:3046957584  NOTICE: Local hostname: SMALLplayer
01:00:15 T:3046957584  NOTICE: Log File is located: /storage/.xbmc/temp/xbmc.log
01:00:15 T:3046957584  NOTICE: -----------------------------------------------------------------------
01:00:15 T:3046957584  NOTICE: load settings...
01:00:15 T:3046957584  NOTICE: special://profile/ is mapped to: special://masterprofile/
01:00:15 T:3046957584  NOTICE: loading special://masterprofile/guisettings.xml
01:00:15 T:3046957584  NOTICE: Getting hardware information now...
01:00:15 T:3046957584  NOTICE: Loading player core factory settings from special://xbmc/system/playercorefactory.xml.
01:00:15 T:3046957584  NOTICE: Loaded playercorefactory configuration
01:00:15 T:3046957584  NOTICE: Loading player core factory settings from special://masterprofile/playercorefactory.xml.
01:00:15 T:3046957584  NOTICE: special://masterprofile/playercorefactory.xml does not exist. Skipping.
01:00:15 T:3046957584  NOTICE: Loaded settings file from special://xbmc/system/advancedsettings.xml
01:00:15 T:3046957584  NOTICE: Contents of special://xbmc/system/advancedsettings.xml are...
                                            <?xml version="1.0" encoding="UTF-8" ?>
                                            <advancedsettings>
                                              <showexitbutton>false</showexitbutton>
                                              <destroywindowcontrols>false</destroywindowcontrols>
                                              <fanartres>720</fanartres>
                                              <imageres>540</imageres>
                                              <bginfoloadermaxthreads>2</bginfoloadermaxthreads>
                                              <useddsfanart>false</useddsfanart>
                                              <video>
                                                <defaultplayer>omxplayer</defaultplayer>
                                                <defaultdvdplayer>omxplayer</defaultdvdplayer>
                                                <busydialogdelayms>750</busydialogdelayms>
                                              </video>
                                              <audio>
                                                <defaultplayer>omxplayer</defaultplayer>
                                                <streamsilence>false</streamsilence>
                                              </audio>
                                              <network>
                                                <cachemembuffersize>20971520</cachemembuffersize>
                                              </network>
                                              <samba>
                                                <clienttimeout>30</clienttimeout>
                                              </samba>
                                              <network>
                                                <curlclienttimeout>30</curlclienttimeout>
                                                <readbufferfactor>4.0</readbufferfactor>
                                              </network>
                                            </advancedsettings>
01:00:15 T:3046957584  NOTICE: Getting hardware information now...
01:00:15 T:3046957584  NOTICE: No settings file to load (special://masterprofile/advancedsettings.xml)
01:00:15 T:3046957584  NOTICE: Default DVD Player: omxplayer
01:00:15 T:3046957584  NOTICE: Default Video Player: omxplayer
01:00:15 T:3046957584  NOTICE: Default Audio Player: omxplayer
01:00:15 T:3046957584  NOTICE: Disabled debug logging due to GUI setting. Level 0.
01:00:15 T:3046957584  NOTICE: Log level changed to 0
01:00:15 T:3046957584  NOTICE: Loading media sources from special://masterprofile/sources.xml
01:00:16 T:3046957584   ERROR: Error: Requested setting (audiooutput.guisoundmode) was not found.  It must be case-sensitive
01:00:16 T:3046957584  NOTICE: Running database version Addons15
18:38:01 T:3046957584  NOTICE: Register - new cec device registered on cec->RPI: CEC Adapter (2708:1001)
18:38:01 T:3028284512  NOTICE: Thread XBMC Peripherals start, auto delete: false
18:38:01 T:3036673120  NOTICE: Thread CEC Adapter start, auto delete: false
18:38:01 T:3017798752  NOTICE: Thread XBMC Peripherals start, auto delete: false
18:38:01 T:3046957584  NOTICE: Raspberry PI firmware version: Nov 15 2013 14:13:47 
                                            Copyright (c) 2012 Broadcom
                                            version 162026b1448f491e97e3b3b57cdca29be6a1d61a (tainted) (release)
18:38:01 T:3046957584  NOTICE: ARM mem: 384MB GPU mem: 128MB
18:38:01 T:3046957584  NOTICE: InitWindowSystem: Using EGL Implementation: raspberrypi
18:38:01 T:2967467104  NOTICE: Thread CRBPWorker start, auto delete: false
18:38:01 T:3046957584  NOTICE: Found resolution 720 x 480 for display 0 with 720 x 480i @ 60.000000 Hz
18:38:01 T:3046957584  NOTICE: Found (720x480i@60.000000) at 16, setting to RES_DESKTOP at 16
18:38:01 T:3046957584  NOTICE: Checking resolution 16
18:38:01 T:3046957584  NOTICE: GL_VENDOR = Broadcom
18:38:01 T:3046957584  NOTICE: GL_RENDERER = VideoCore IV HW
18:38:01 T:3046957584  NOTICE: GL_VERSION = OpenGL ES 2.0
18:38:01 T:3046957584  NOTICE: GL_SHADING_LANGUAGE_VERSION = OpenGL ES GLSL ES 1.00
18:38:01 T:3046957584  NOTICE: GL_EXTENSIONS = GL_OES_compressed_ETC1_RGB8_texture GL_OES_compressed_paletted_texture GL_OES_texture_npot GL_OES_depth24 GL_OES_vertex_half_float GL_OES_EGL_image GL_OES_EGL_image_external GL_EXT_discard_framebuffer GL_OES_rgb8_rgba8 GL_OES_depth32 GL_OES_mapbuffer GL_EXT_texture_format_BGRA8888 GL_APPLE_rgb_422 GL_EXT_debug_marker
18:38:04 T:3036673120   ERROR: CecLogMessage - failed to release the previous LA
18:38:04 T:3036673120   ERROR: CecLogMessage - could not open a connection (try 1)
18:38:05 T:3046957584  NOTICE: Running database version Addons15
18:38:05 T:3046957584  NOTICE: Running database version ViewModes4
18:38:05 T:3046957584  NOTICE: Running database version Textures13
18:38:05 T:3046957584  NOTICE: Running database version MyMusic32
18:38:05 T:3046957584  NOTICE: Running database version MyVideos75
18:38:05 T:3046957584  NOTICE: Running database version TV22
18:38:05 T:3046957584  NOTICE: Running database version Epg7
18:38:05 T:3046957584  NOTICE: start dvd mediatype detection
18:38:05 T:3046957584  NOTICE: initializing playlistplayer
18:38:05 T:3046957584  NOTICE: DONE initializing playlistplayer
18:38:05 T:3037791328  NOTICE: Thread CDetectDVDMedia start, auto delete: false
18:38:05 T:3036673120   ERROR: CecLogMessage - RegisterLogicalAddress - vc_cec_set_logical_address(E) returned invalid arg (8)
18:38:05 T:3036673120   ERROR: CecLogMessage - Open - vc_cec could not be initialised
18:38:05 T:3036673120   ERROR: CecLogMessage - RegisterLogicalAddress - vc_cec_set_logical_address(1) returned invalid arg (8)
18:38:05 T:2948191328  NOTICE: Thread CEC Adapter Update Thread start, auto delete: false
18:38:18 T:2902533216  NOTICE: Thread XBPyThread start, auto delete: false
18:38:18 T:3046957584  NOTICE: Previous line repeats 5 times.
18:38:18 T:3046957584  NOTICE: initialize done
18:38:18 T:3046957584  NOTICE: Running the application...
18:38:18 T:2860590176  NOTICE: Thread XBPyThread start, auto delete: false
18:38:18 T:3046957584  NOTICE: Previous line repeats 1 times.
18:38:18 T:3046957584   ERROR: COMXImageFile::ReadFile special://skin/extras/backgrounds/01.jpg not found
18:38:18 T:3046957584  NOTICE: LoadJpeg: unable to load special://skin/extras/backgrounds/01.jpg
18:38:18 T:3046957584   ERROR: Texture manager unable to load file: special://skin/extras/backgrounds/01.jpg
18:38:18 T:2843812960  NOTICE: Thread Jobworker start, auto delete: true
18:38:18 T:3046957584   ERROR: GLES: Vertical Blank Syncing unsupported
18:38:21 T:2902533216  NOTICE: -->Python Interpreter Initialized<--
18:38:22 T:2825032800  NOTICE: Thread Jobworker start, auto delete: true
18:38:22 T:2816644192  NOTICE: Thread XBPyThread start, auto delete: false
18:38:23 T:2808255584  NOTICE: Thread Jobworker start, auto delete: true
18:38:23 T:2799866976  NOTICE: Thread CAlarmClock start, auto delete: false
18:38:23 T:3046957584  NOTICE: Webserver: Starting...
18:38:23 T:3046957584  NOTICE: WebServer: Started the webserver
18:38:24 T:3046957584  NOTICE: starting upnp server
18:38:24 T:3046957584  NOTICE: starting upnp renderer
18:38:24 T:3046957584  NOTICE: ES: Starting event server
18:38:24 T:2706158688  NOTICE: Thread CEventServer start, auto delete: false
18:38:24 T:2706158688  NOTICE: ES: Starting UDP Event server on 0.0.0.0:9777
18:38:24 T:2706158688  NOTICE: UDP: Listening on port 9777
18:38:24 T:3046957584   ERROR: JSONRPC Server: Failed to connect to sdpd
18:38:24 T:3046957584  NOTICE: starting zeroconf publishing
18:38:24 T:2689381472  NOTICE: Thread AirPlayServer start, auto delete: false
18:38:24 T:2697770080  NOTICE: Thread CTCPServer start, auto delete: false
18:38:24 T:3046957584   ERROR: COMXImageFile::ReadFile special://skin/extras/backgrounds/01.jpg not found
18:38:24 T:3046957584  NOTICE: LoadJpeg: unable to load special://skin/extras/backgrounds/01.jpg
18:38:24 T:3046957584   ERROR: Texture manager unable to load file: special://skin/extras/backgrounds/01.jpg
18:38:24 T:2671354976  NOTICE: Thread Jobworker start, auto delete: true
18:38:26 T:2910921824  NOTICE: -->Python Interpreter Initialized<--
18:38:27 T:2860590176  NOTICE: -->Python Interpreter Initialized<--
18:38:29 T:2894144608  NOTICE: -->Python Interpreter Initialized<--
18:38:30 T:2852201568  NOTICE: -->Python Interpreter Initialized<--
18:38:35 T:2860590176  NOTICE: ## OpenELEC Addon ## 0.2.20
18:38:36 T:2816644192  NOTICE: -->Python Interpreter Initialized<--
18:38:36 T:2868978784  NOTICE: -->Python Interpreter Initialized<--
18:38:36 T:2877367392  NOTICE: -->Python Interpreter Initialized<--
18:38:38 T:2885756000  NOTICE: -->Python Interpreter Initialized<--
18:38:41 T:2852201568  NOTICE:  StorageServer Module loaded RUN
18:38:46 T:2852201568  NOTICE: StorageClient-2.5.2 Starting server
18:38:46 T:2852201568  NOTICE: StorageServer-2.5.2 Storage Server starting /storage/.xbmc/temp/commoncache.db
18:38:46 T:2894144608  NOTICE: Artwork Downloader: ## Service - Run at startup: False
18:38:47 T:2894144608  NOTICE: Artwork Downloader: ## Service - Delayed startup:  minutes
18:38:47 T:2894144608  NOTICE: Artwork Downloader: ## Service - Run as service: False
18:38:47 T:2894144608  NOTICE: Artwork Downloader: ## Service - Time: :00
18:38:51 T:2885756000  NOTICE: 1Channel: Service: MySQL not enabled or not setup correctly
18:38:51 T:2885756000  NOTICE: 1Channel: Service: Loading sqlite3 as DB engine
18:38:51 T:2885756000  NOTICE: 1Channel: Service: Resetting...
18:38:52 T:2885756000  NOTICE: 1Channel: Service starting...
