20130729 19:38:33 - [ 314MB] INFO     - addonsettings.py     - 417  - Loading Settings into static object
20130729 19:38:33 - [ 314MB] INFO     - urihandler.py        - 148  - UriHandler initialised [pbEnabled=False, useCaching=True]
20130729 19:38:33 - [ 314MB] INFO     - envcontroller.py     - 276  - Setting Skin to: skin.xot
20130729 19:38:35 - [ 314MB] INFO     - database.py          - 20   - Loading sqlite3 as DB engine
20130729 19:38:36 - [ 313MB] INFO     - plugin.py            - 98   - *********** Starting XOT-Uzg.v3 plugin version v3.3.6 ***********
20130729 19:38:36 - [ 313MB] INFO     - plugin.py            - 110  - Add-On start detected. Performing startup actions.
20130729 19:38:36 - [ 313MB] INFO     - envcontroller.py     - 159  - XBMC Information:
20130729 19:38:36 - [ 313MB] INFO     - envcontroller.py     - 159  - | Version: 12.2 Git:8e4f924
20130729 19:38:36 - [ 313MB] INFO     - envcontroller.py     - 159  - | BuildDate: Jul 25 2013
20130729 19:38:36 - [ 313MB] INFO     - envcontroller.py     - 159  - | Environment: Linux (folder=\libs\)
20130729 19:38:36 - [ 313MB] INFO     - envcontroller.py     - 159  - | Platform: Linux
20130729 19:38:36 - [ 313MB] INFO     - envcontroller.py     - 159  - | Python Version: 2.7.3
20130729 19:38:36 - [ 313MB] INFO     - envcontroller.py     - 159  - | XOT-Uzg.v3 Version: 3.3.6
20130729 19:38:36 - [ 313MB] INFO     - envcontroller.py     - 159  - | AddonID: net.rieter.xot
20130729 19:38:36 - [ 313MB] INFO     - envcontroller.py     - 159  - | Path: /storage/.xbmc/addons/net.rieter.xot/
20130729 19:38:36 - [ 313MB] INFO     - envcontroller.py     - 159  - | ProfilePath: /storage/.xbmc/userdata/addon_data/net.rieter.xot
20130729 19:38:36 - [ 313MB] INFO     - envcontroller.py     - 159  - | PathDetection: addon.getAddonInfo('path')
20130729 19:38:36 - [ 313MB] INFO     - envcontroller.py     - 159  - | Encoding: utf-8
20130729 19:38:36 - [ 313MB] INFO     - envcontroller.py     - 159  - + Repository: <not installed>
20130729 19:38:36 - [ 313MB] INFO     - envcontroller.py     - 162  - XOT-Uzg Settings:
20130729 19:38:36 - [ 313MB] INFO     - envcontroller.py     - 162  - | MaxNumberOfPages: 5
20130729 19:38:36 - [ 313MB] INFO     - envcontroller.py     - 162  - | MaxStreamBitrate: 1500
20130729 19:38:36 - [ 313MB] INFO     - envcontroller.py     - 162  - | SortingAlgorithm: name
20130729 19:38:36 - [ 313MB] INFO     - envcontroller.py     - 162  - | DimPercentage: 0ffffff
20130729 19:38:36 - [ 313MB] INFO     - envcontroller.py     - 162  - | UseSubtitle: True
20130729 19:38:36 - [ 313MB] INFO     - envcontroller.py     - 162  - | CacheHttpResponses: True
20130729 19:38:36 - [ 313MB] INFO     - envcontroller.py     - 162  - | IPlayerProxy: None
20130729 19:38:36 - [ 313MB] INFO     - envcontroller.py     - 162  - | Folder Prefx: ''
20130729 19:38:36 - [ 313MB] INFO     - envcontroller.py     - 162  - | Loglevel: 20
20130729 19:38:36 - [ 313MB] INFO     - envcontroller.py     - 162  - | Hide GeoLocked: False
20130729 19:38:36 - [ 313MB] INFO     - envcontroller.py     - 162  - | Show Dutch: True
20130729 19:38:36 - [ 313MB] INFO     - envcontroller.py     - 162  - | Show Swedish: True
20130729 19:38:36 - [ 313MB] INFO     - envcontroller.py     - 162  - | Show Lithuanian: True
20130729 19:38:36 - [ 313MB] INFO     - envcontroller.py     - 162  - | Show Latvian: True
20130729 19:38:36 - [ 313MB] INFO     - envcontroller.py     - 162  - | Show French Canadian: False
20130729 19:38:36 - [ 313MB] INFO     - envcontroller.py     - 162  - | Show English Canadian: False
20130729 19:38:36 - [ 313MB] INFO     - envcontroller.py     - 162  - | Show British: True
20130729 19:38:36 - [ 313MB] INFO     - envcontroller.py     - 162  - | Show German: True
20130729 19:38:36 - [ 313MB] INFO     - envcontroller.py     - 162  - | Show Other languages: True
20130729 19:38:36 - [ 313MB] INFO     - envcontroller.py     - 162  - | UZG Cache Path: 
20130729 19:38:36 - [ 313MB] INFO     - envcontroller.py     - 162  - + UZG Cache Time: 5
20130729 19:38:36 - [ 313MB] INFO     - urihandler.py        - 313  - Opening requested uri Async: http://www.rieter.net/uitzendinggemist/index.php?currentversion=3.3.6 (already 1 threads)
20130729 19:38:37 - [ 313MB] INFO     - urihandler.py        - 363  - Url http://www.rieter.net/uitzendinggemist/index.php?currentversion=3.3.6 was opened successfully
20130729 19:38:37 - [ 313MB] WARNING  - envcontroller.py     - 119  - No Respository installed. Reminding user to install it.
20130729 19:38:50 - [ 314MB] INFO     - common.py            - 47   - Cleaning up cache in '/storage/.xbmc/userdata/addon_data/net.rieter.xot/cache/' that is older than 7 days
20130729 19:38:50 - [ 314MB] INFO     - common.py            - 67   - Removed 0 of 0 files from cache in: '/storage/.xbmc/userdata/addon_data/net.rieter.xot/cache/*.*'
20130729 19:38:50 - [ 314MB] INFO     - common.py            - 47   - Cleaning up cache in '' that is older than 5 days
20130729 19:38:50 - [ 314MB] INFO     - common.py            - 49   - Did not cleanup cache: folder does not exist
20130729 19:38:51 - [ 314MB] INFO     - plugin.py            - 221  - Plugin::ShowChannelList
20130729 19:38:51 - [ 314MB] INFO     - channelimporter.py   - 200  - Deploying Channel Addon 'net.rieter.xot.channel.nos' to '/storage/.xbmc/addons/net.rieter.xot.channel.nos'
20130729 19:38:51 - [ 314MB] INFO     - channelimporter.py   - 200  - Deploying Channel Addon 'net.rieter.xot.channel.streams' to '/storage/.xbmc/addons/net.rieter.xot.channel.streams'
20130729 19:38:51 - [ 314MB] INFO     - channelimporter.py   - 200  - Deploying Channel Addon 'net.rieter.xot.channel.be' to '/storage/.xbmc/addons/net.rieter.xot.channel.be'
20130729 19:38:51 - [ 314MB] INFO     - channelimporter.py   - 200  - Deploying Channel Addon 'net.rieter.xot.channel.nick' to '/storage/.xbmc/addons/net.rieter.xot.channel.nick'
20130729 19:38:51 - [ 314MB] INFO     - channelimporter.py   - 200  - Deploying Channel Addon 'net.rieter.xot.channel.videos' to '/storage/.xbmc/addons/net.rieter.xot.channel.videos'
20130729 19:38:51 - [ 314MB] INFO     - channelimporter.py   - 200  - Deploying Channel Addon 'net.rieter.xot.channel.uk' to '/storage/.xbmc/addons/net.rieter.xot.channel.uk'
20130729 19:38:51 - [ 314MB] INFO     - channelimporter.py   - 200  - Deploying Channel Addon 'net.rieter.xot.channel.sbsnl' to '/storage/.xbmc/addons/net.rieter.xot.channel.sbsnl'
20130729 19:38:51 - [ 314MB] INFO     - channelimporter.py   - 200  - Deploying Channel Addon 'net.rieter.xot.channel.rtlnl' to '/storage/.xbmc/addons/net.rieter.xot.channel.rtlnl'
20130729 19:38:51 - [ 314MB] INFO     - channelimporter.py   - 200  - Deploying Channel Addon 'net.rieter.xot.channel.radio' to '/storage/.xbmc/addons/net.rieter.xot.channel.radio'
20130729 19:38:51 - [ 314MB] INFO     - channelimporter.py   - 200  - Deploying Channel Addon 'net.rieter.xot.channel.mtv' to '/storage/.xbmc/addons/net.rieter.xot.channel.mtv'
20130729 19:38:51 - [ 314MB] INFO     - channelimporter.py   - 200  - Deploying Channel Addon 'net.rieter.xot.channel.regionalnl' to '/storage/.xbmc/addons/net.rieter.xot.channel.regionalnl'
20130729 19:38:51 - [ 314MB] INFO     - channelimporter.py   - 396  - Loading net.rieter.xot.channel.nos version 3.3.6.1
20130729 19:38:51 - [ 314MB] INFO     - channelimporter.py   - 396  - Loading net.rieter.xot.channel.streams version 3.3.6.0
20130729 19:38:51 - [ 314MB] INFO     - channelimporter.py   - 396  - Loading net.rieter.xot.channel.be version 3.3.6.0
20130729 19:38:51 - [ 314MB] INFO     - channelimporter.py   - 396  - Loading net.rieter.xot.channel.nick version 3.3.6.2
20130729 19:38:51 - [ 314MB] INFO     - channelimporter.py   - 396  - Loading net.rieter.xot.channel.videos version 3.3.6.0
20130729 19:38:51 - [ 314MB] INFO     - channelimporter.py   - 396  - Loading net.rieter.xot.channel.uk version 3.3.6.1
20130729 19:38:51 - [ 314MB] INFO     - channelimporter.py   - 396  - Loading net.rieter.xot.channel.sbsnl version 3.3.6.1
20130729 19:38:51 - [ 314MB] INFO     - channelimporter.py   - 396  - Loading net.rieter.xot.channel.rtlnl version 3.3.6.1
20130729 19:38:51 - [ 314MB] INFO     - channelimporter.py   - 396  - Loading net.rieter.xot.channel.mtv version 3.3.6.0
20130729 19:38:51 - [ 314MB] INFO     - channelimporter.py   - 396  - Loading net.rieter.xot.channel.regionalnl version 3.3.6.0
20130729 19:38:53 - [ 314MB] INFO     - channelimporter.py   - 329  - Showing first time message 'XOT-Uzg.v3 gaat altijd akkoord met het plaatsen van cookies|door de uitzendinggemist.nl website. Wilt u dit niet, dan|moet u dit kanaal niet langer gebruiken binnen XOT-Uzg.v3.' for channel chn_chn_nos2010
20130729 19:39:00 - [ 314MB] INFO     - channelimporter.py   - 329  - Showing first time message 'De meeste streams van RTL Gemist zijn beschermd|met behulp van DRM. Deze items kunnen enkel binnen|Nederland worden afgespeeld.' for channel chn_chn_rtl
20130729 19:39:06 - [ 313MB] INFO     - channelimporter.py   - 329  - Showing first time message 'De oudere streams van 538 gemist komen bij RTL XL|vandaan. Deze kunnen niet met dit kanaal worden|afgespeeld. Gebruik daarvoor het RTL XL kanaal.' for channel chn_chn_radio538
20130729 19:39:19 - [ 313MB] INFO     - channelimporter.py   - 329  - Showing first time message 'Be advised that the BBC iPlayer is only available|to people inside the UK. If you live outside the UK,|a proxy can be configured in the Add-on settings.' for channel chn_chn_bbc
20130729 19:39:24 - [ 313MB] WARNING  - channelimporter.py   - 470  - Not loading: Ketnet (ketnet) [be, 756FFEC8-B6BA-11E0-898D-1F434824019B] (Order: 123) -> platform 'Linux' is not compatible
20130729 19:39:24 - [ 313MB] WARNING  - channelimporter.py   - 470  - Not loading: Southpark Sweden (southpark.se) [se, F9616B7C-5CC8-11E1-8F40-43194824019B] (Order: 255) -> platform 'Linux' is not compatible
20130729 19:39:24 - [ 313MB] WARNING  - channelimporter.py   - 470  - Not loading: Southpark.NL (southpark) [nl, 3ac3d6d0-5b2a-11dd-ae16-0800200c9a66] (Order: 255) -> platform 'Linux' is not compatible
20130729 19:39:24 - [ 313MB] WARNING  - channelimporter.py   - 470  - Not loading: Nick Jr. (Norge) (nickjrno) [no, 3A1DE3B8-F9F2-11E1-A2CD-6B7A6188709B] (Order: 93) -> platform 'Linux' is not compatible
20130729 19:39:24 - [ 313MB] WARNING  - channelimporter.py   - 470  - Not loading: Nick Jr. (Sverige) (nickjrse) [se, C523A2C2-F9F2-11E1-87CE-BA7A6188709B] (Order: 109) -> platform 'Linux' is not compatible
20130729 19:39:24 - [ 313MB] WARNING  - channelimporter.py   - 470  - Not loading: MyVideo.nl [nl, A6FF1534-42F3-11DD-8F18-08F555D89593] (Order: 255) -> platform 'Linux' is not compatible
20130729 19:39:24 - [ 313MB] INFO     - addonsettings.py     - 182  - Settings.xml updated succesfully. Reloading settings.
20130729 19:39:24 - [ 313MB] INFO     - addonsettings.py     - 417  - Loading Settings into static object
20130729 19:39:24 - [ 313MB] INFO     - channelimporter.py   - 492  - Imported 55 channels from which 49 are enabled
20130729 19:39:24 - [ 313MB] INFO     - urihandler.py        - 313  - Opening requested uri Async: http://www.rieter.net/net.rieter.xot.usage/Run%20Type%20Logging/Plugin/56261 (already 1 threads)
20130729 19:39:25 - [ 312MB] INFO     - urihandler.py        - 363  - Url http://www.rieter.net/net.rieter.xot.usage/Run%20Type%20Logging/Plugin/56261 was opened successfully
20130729 19:39:25 - [ 312MB] INFO     - default.py           - 99   - XOT-Uzg.v3 :: Flushing and closing logfile.
20130729 19:39:30 - [ 312MB] INFO     - default.py           - 71   - XOT Logger :: Appending Existing logFile
20130729 19:39:31 - [ 312MB] INFO     - addonsettings.py     - 417  - Loading Settings into static object
20130729 19:39:31 - [ 312MB] INFO     - urihandler.py        - 148  - UriHandler initialised [pbEnabled=False, useCaching=True]
20130729 19:39:31 - [ 312MB] INFO     - envcontroller.py     - 276  - Setting Skin to: skin.xot
20130729 19:39:32 - [ 312MB] INFO     - database.py          - 20   - Loading sqlite3 as DB engine
20130729 19:39:34 - [ 312MB] INFO     - plugin.py            - 98   - *********** Starting XOT-Uzg.v3 plugin version v3.3.6 ***********
20130729 19:39:38 - [ 312MB] INFO     - channelimporter.py   - 123  - Loading channels for class 'chn_nos2010' and channelCode 'uzg'
20130729 19:39:38 - [ 312MB] INFO     - channelimporter.py   - 396  - Loading net.rieter.xot.channel.nos version 3.3.6.1
20130729 19:39:38 - [ 312MB] INFO     - channelimporter.py   - 396  - Loading net.rieter.xot.channel.streams version 3.3.6.0
20130729 19:39:38 - [ 312MB] INFO     - channelimporter.py   - 396  - Loading net.rieter.xot.channel.be version 3.3.6.0
20130729 19:39:38 - [ 312MB] INFO     - channelimporter.py   - 396  - Loading net.rieter.xot.channel.nick version 3.3.6.2
20130729 19:39:38 - [ 312MB] INFO     - channelimporter.py   - 396  - Loading net.rieter.xot.channel.videos version 3.3.6.0
20130729 19:39:38 - [ 312MB] INFO     - channelimporter.py   - 396  - Loading net.rieter.xot.channel.uk version 3.3.6.1
20130729 19:39:38 - [ 312MB] INFO     - channelimporter.py   - 396  - Loading net.rieter.xot.channel.sbsnl version 3.3.6.1
20130729 19:39:38 - [ 312MB] INFO     - channelimporter.py   - 396  - Loading net.rieter.xot.channel.rtlnl version 3.3.6.1
20130729 19:39:38 - [ 312MB] INFO     - channelimporter.py   - 396  - Loading net.rieter.xot.channel.mtv version 3.3.6.0
20130729 19:39:38 - [ 312MB] INFO     - channelimporter.py   - 396  - Loading net.rieter.xot.channel.regionalnl version 3.3.6.0
20130729 19:39:39 - [ 312MB] WARNING  - channelimporter.py   - 470  - Not loading: Ketnet (ketnet) [be, 756FFEC8-B6BA-11E0-898D-1F434824019B] (Order: 123) -> platform 'Linux' is not compatible
20130729 19:39:39 - [ 312MB] WARNING  - channelimporter.py   - 470  - Not loading: Southpark Sweden (southpark.se) [se, F9616B7C-5CC8-11E1-8F40-43194824019B] (Order: 255) -> platform 'Linux' is not compatible
20130729 19:39:39 - [ 312MB] WARNING  - channelimporter.py   - 470  - Not loading: Southpark.NL (southpark) [nl, 3ac3d6d0-5b2a-11dd-ae16-0800200c9a66] (Order: 255) -> platform 'Linux' is not compatible
20130729 19:39:40 - [ 312MB] WARNING  - channelimporter.py   - 470  - Not loading: Nick Jr. (Norge) (nickjrno) [no, 3A1DE3B8-F9F2-11E1-A2CD-6B7A6188709B] (Order: 93) -> platform 'Linux' is not compatible
20130729 19:39:40 - [ 312MB] WARNING  - channelimporter.py   - 470  - Not loading: Nick Jr. (Sverige) (nickjrse) [se, C523A2C2-F9F2-11E1-87CE-BA7A6188709B] (Order: 109) -> platform 'Linux' is not compatible
20130729 19:39:40 - [ 312MB] WARNING  - channelimporter.py   - 470  - Not loading: MyVideo.nl [nl, A6FF1534-42F3-11DD-8F18-08F555D89593] (Order: 255) -> platform 'Linux' is not compatible
20130729 19:39:41 - [ 312MB] INFO     - addonsettings.py     - 182  - Settings.xml updated succesfully. Reloading settings.
20130729 19:39:41 - [ 312MB] INFO     - addonsettings.py     - 417  - Loading Settings into static object
20130729 19:39:41 - [ 312MB] INFO     - channelimporter.py   - 492  - Imported 55 channels from which 49 are enabled
20130729 19:39:41 - [ 312MB] INFO     - channelimporter.py   - 131  - GetSingleChannel resulted in 1 channel(s)
20130729 19:39:41 - [ 312MB] INFO     - channelimporter.py   - 133  - GetSingleChannel found: Uitzendinggemist.nl (uzg) [nl, C2FB7F24-C5B5-11DF-A324-616DDFD72085] (Order: 0)
20130729 19:39:41 - [ 312MB] INFO     - chn_nos2010.py       - 849  - Setting the Cookie-Consent cookie for www.uitzendinggemist.nl
20130729 19:39:41 - [ 312MB] INFO     - urihandler.py        - 313  - Opening requested uri Async: http://pi.omroep.nl/info/security/ (already 1 threads)
20130729 19:39:41 - [ 312MB] INFO     - urihandler.py        - 363  - Url http://pi.omroep.nl/info/security/ was opened successfully
20130729 19:39:41 - [ 312MB] INFO     - plugin.py            - 172  - Loaded: Uitzendinggemist.nl
20130729 19:39:41 - [ 312MB] INFO     - plugin.py            - 266  - Plugin::ParseMainList
20130729 19:39:41 - [ 312MB] INFO     - plugin.py            - 287  - Showing normal program list
20130729 19:39:41 - [ 312MB] INFO     - urihandler.py        - 313  - Opening requested uri Async: http://pi.omroep.nl/info/security/ (already 1 threads)
20130729 19:39:41 - [ 312MB] INFO     - urihandler.py        - 363  - Url http://pi.omroep.nl/info/security/ was opened successfully
20130729 19:39:41 - [ 312MB] INFO     - urihandler.py        - 313  - Opening requested uri Async: http://www.uitzendinggemist.nl/programmas (already 1 threads)
20130729 19:39:43 - [ 312MB] INFO     - urihandler.py        - 363  - Url http://www.uitzendinggemist.nl/programmas was opened successfully
20130729 19:39:44 - [ 312MB] INFO     - urihandler.py        - 313  - Opening requested uri Async: http://www.rieter.net/net.rieter.xot.usage/Channel/Uitzendinggemist.nl/16003 (already 1 threads)
20130729 19:39:45 - [ 312MB] INFO     - urihandler.py        - 363  - Url http://www.rieter.net/net.rieter.xot.usage/Channel/Uitzendinggemist.nl/16003 was opened successfully
20130729 19:39:45 - [ 312MB] INFO     - default.py           - 99   - XOT-Uzg.v3 :: Flushing and closing logfile.
20130729 19:39:56 - [ 312MB] INFO     - default.py           - 71   - XOT Logger :: Appending Existing logFile
20130729 19:39:57 - [ 312MB] INFO     - addonsettings.py     - 417  - Loading Settings into static object
20130729 19:39:57 - [ 312MB] INFO     - urihandler.py        - 148  - UriHandler initialised [pbEnabled=False, useCaching=True]
20130729 19:39:57 - [ 312MB] INFO     - envcontroller.py     - 276  - Setting Skin to: skin.xot
20130729 19:39:59 - [ 312MB] INFO     - database.py          - 20   - Loading sqlite3 as DB engine
20130729 19:40:02 - [ 312MB] INFO     - plugin.py            - 98   - *********** Starting XOT-Uzg.v3 plugin version v3.3.6 ***********
20130729 19:40:02 - [ 312MB] INFO     - channelimporter.py   - 123  - Loading channels for class 'chn_nos2010' and channelCode 'uzg'
20130729 19:40:02 - [ 312MB] INFO     - channelimporter.py   - 396  - Loading net.rieter.xot.channel.nos version 3.3.6.1
20130729 19:40:02 - [ 312MB] INFO     - channelimporter.py   - 396  - Loading net.rieter.xot.channel.streams version 3.3.6.0
20130729 19:40:02 - [ 312MB] INFO     - channelimporter.py   - 396  - Loading net.rieter.xot.channel.be version 3.3.6.0
20130729 19:40:02 - [ 312MB] INFO     - channelimporter.py   - 396  - Loading net.rieter.xot.channel.nick version 3.3.6.2
20130729 19:40:02 - [ 312MB] INFO     - channelimporter.py   - 396  - Loading net.rieter.xot.channel.videos version 3.3.6.0
20130729 19:40:02 - [ 312MB] INFO     - channelimporter.py   - 396  - Loading net.rieter.xot.channel.uk version 3.3.6.1
20130729 19:40:02 - [ 312MB] INFO     - channelimporter.py   - 396  - Loading net.rieter.xot.channel.sbsnl version 3.3.6.1
20130729 19:40:02 - [ 312MB] INFO     - channelimporter.py   - 396  - Loading net.rieter.xot.channel.rtlnl version 3.3.6.1
20130729 19:40:02 - [ 312MB] INFO     - channelimporter.py   - 396  - Loading net.rieter.xot.channel.mtv version 3.3.6.0
20130729 19:40:02 - [ 312MB] INFO     - channelimporter.py   - 396  - Loading net.rieter.xot.channel.regionalnl version 3.3.6.0
20130729 19:40:03 - [ 312MB] WARNING  - channelimporter.py   - 470  - Not loading: Ketnet (ketnet) [be, 756FFEC8-B6BA-11E0-898D-1F434824019B] (Order: 123) -> platform 'Linux' is not compatible
20130729 19:40:03 - [ 312MB] WARNING  - channelimporter.py   - 470  - Not loading: Southpark Sweden (southpark.se) [se, F9616B7C-5CC8-11E1-8F40-43194824019B] (Order: 255) -> platform 'Linux' is not compatible
20130729 19:40:03 - [ 312MB] WARNING  - channelimporter.py   - 470  - Not loading: Southpark.NL (southpark) [nl, 3ac3d6d0-5b2a-11dd-ae16-0800200c9a66] (Order: 255) -> platform 'Linux' is not compatible
20130729 19:40:03 - [ 312MB] WARNING  - channelimporter.py   - 470  - Not loading: Nick Jr. (Norge) (nickjrno) [no, 3A1DE3B8-F9F2-11E1-A2CD-6B7A6188709B] (Order: 93) -> platform 'Linux' is not compatible
20130729 19:40:03 - [ 312MB] WARNING  - channelimporter.py   - 470  - Not loading: Nick Jr. (Sverige) (nickjrse) [se, C523A2C2-F9F2-11E1-87CE-BA7A6188709B] (Order: 109) -> platform 'Linux' is not compatible
20130729 19:40:03 - [ 312MB] WARNING  - channelimporter.py   - 470  - Not loading: MyVideo.nl [nl, A6FF1534-42F3-11DD-8F18-08F555D89593] (Order: 255) -> platform 'Linux' is not compatible
20130729 19:40:03 - [ 312MB] INFO     - addonsettings.py     - 182  - Settings.xml updated succesfully. Reloading settings.
20130729 19:40:03 - [ 312MB] INFO     - addonsettings.py     - 417  - Loading Settings into static object
20130729 19:40:03 - [ 312MB] INFO     - channelimporter.py   - 492  - Imported 55 channels from which 49 are enabled
20130729 19:40:03 - [ 312MB] INFO     - channelimporter.py   - 131  - GetSingleChannel resulted in 1 channel(s)
20130729 19:40:03 - [ 312MB] INFO     - channelimporter.py   - 133  - GetSingleChannel found: Uitzendinggemist.nl (uzg) [nl, C2FB7F24-C5B5-11DF-A324-616DDFD72085] (Order: 0)
20130729 19:40:04 - [ 312MB] INFO     - chn_nos2010.py       - 849  - Setting the Cookie-Consent cookie for www.uitzendinggemist.nl
20130729 19:40:04 - [ 312MB] INFO     - urihandler.py        - 313  - Opening requested uri Async: http://pi.omroep.nl/info/security/ (already 1 threads)
20130729 19:40:05 - [ 312MB] INFO     - urihandler.py        - 363  - Url http://pi.omroep.nl/info/security/ was opened successfully
20130729 19:40:05 - [ 312MB] INFO     - plugin.py            - 172  - Loaded: Uitzendinggemist.nl
20130729 19:40:05 - [ 312MB] INFO     - plugin.py            - 329  - Plugin::ProcessFolderList Doing ProcessFolderList
20130729 19:40:05 - [ 312MB] INFO     - urihandler.py        - 313  - Opening requested uri Async: http://www.uitzendinggemist.nl/weekarchief/gisteren?display_mode=list&herhaling=ja (already 1 threads)
20130729 19:40:08 - [ 312MB] INFO     - urihandler.py        - 363  - Url http://www.uitzendinggemist.nl/weekarchief/gisteren?display_mode=list&herhaling=ja was opened successfully
20130729 19:40:08 - [ 312MB] INFO     - chn_nos2010.py       - 244  - Performing Pre-Processing
20130729 19:40:10 - [ 312MB] INFO     - default.py           - 99   - XOT-Uzg.v3 :: Flushing and closing logfile.
20130729 19:40:17 - [ 311MB] INFO     - default.py           - 71   - XOT Logger :: Appending Existing logFile
20130729 19:40:17 - [ 311MB] INFO     - addonsettings.py     - 417  - Loading Settings into static object
20130729 19:40:18 - [ 311MB] INFO     - urihandler.py        - 148  - UriHandler initialised [pbEnabled=False, useCaching=True]
20130729 19:40:18 - [ 311MB] INFO     - envcontroller.py     - 276  - Setting Skin to: skin.xot
20130729 19:40:19 - [ 311MB] INFO     - database.py          - 20   - Loading sqlite3 as DB engine
20130729 19:40:19 - [ 311MB] INFO     - plugin.py            - 98   - *********** Starting XOT-Uzg.v3 plugin version v3.3.6 ***********
20130729 19:40:19 - [ 311MB] INFO     - channelimporter.py   - 123  - Loading channels for class 'chn_nos2010' and channelCode 'uzg'
20130729 19:40:19 - [ 311MB] INFO     - channelimporter.py   - 396  - Loading net.rieter.xot.channel.nos version 3.3.6.1
20130729 19:40:19 - [ 311MB] INFO     - channelimporter.py   - 396  - Loading net.rieter.xot.channel.streams version 3.3.6.0
20130729 19:40:19 - [ 311MB] INFO     - channelimporter.py   - 396  - Loading net.rieter.xot.channel.be version 3.3.6.0
20130729 19:40:19 - [ 311MB] INFO     - channelimporter.py   - 396  - Loading net.rieter.xot.channel.nick version 3.3.6.2
20130729 19:40:19 - [ 311MB] INFO     - channelimporter.py   - 396  - Loading net.rieter.xot.channel.videos version 3.3.6.0
20130729 19:40:19 - [ 311MB] INFO     - channelimporter.py   - 396  - Loading net.rieter.xot.channel.uk version 3.3.6.1
20130729 19:40:19 - [ 311MB] INFO     - channelimporter.py   - 396  - Loading net.rieter.xot.channel.sbsnl version 3.3.6.1
20130729 19:40:19 - [ 311MB] INFO     - channelimporter.py   - 396  - Loading net.rieter.xot.channel.rtlnl version 3.3.6.1
20130729 19:40:19 - [ 311MB] INFO     - channelimporter.py   - 396  - Loading net.rieter.xot.channel.mtv version 3.3.6.0
20130729 19:40:19 - [ 311MB] INFO     - channelimporter.py   - 396  - Loading net.rieter.xot.channel.regionalnl version 3.3.6.0
20130729 19:40:20 - [ 311MB] WARNING  - channelimporter.py   - 470  - Not loading: Ketnet (ketnet) [be, 756FFEC8-B6BA-11E0-898D-1F434824019B] (Order: 123) -> platform 'Linux' is not compatible
20130729 19:40:20 - [ 311MB] WARNING  - channelimporter.py   - 470  - Not loading: Southpark Sweden (southpark.se) [se, F9616B7C-5CC8-11E1-8F40-43194824019B] (Order: 255) -> platform 'Linux' is not compatible
20130729 19:40:20 - [ 311MB] WARNING  - channelimporter.py   - 470  - Not loading: Southpark.NL (southpark) [nl, 3ac3d6d0-5b2a-11dd-ae16-0800200c9a66] (Order: 255) -> platform 'Linux' is not compatible
20130729 19:40:21 - [ 311MB] WARNING  - channelimporter.py   - 470  - Not loading: Nick Jr. (Norge) (nickjrno) [no, 3A1DE3B8-F9F2-11E1-A2CD-6B7A6188709B] (Order: 93) -> platform 'Linux' is not compatible
20130729 19:40:21 - [ 311MB] WARNING  - channelimporter.py   - 470  - Not loading: Nick Jr. (Sverige) (nickjrse) [se, C523A2C2-F9F2-11E1-87CE-BA7A6188709B] (Order: 109) -> platform 'Linux' is not compatible
20130729 19:40:21 - [ 311MB] WARNING  - channelimporter.py   - 470  - Not loading: MyVideo.nl [nl, A6FF1534-42F3-11DD-8F18-08F555D89593] (Order: 255) -> platform 'Linux' is not compatible
20130729 19:40:21 - [ 311MB] INFO     - addonsettings.py     - 182  - Settings.xml updated succesfully. Reloading settings.
20130729 19:40:21 - [ 311MB] INFO     - addonsettings.py     - 417  - Loading Settings into static object
20130729 19:40:21 - [ 311MB] INFO     - channelimporter.py   - 492  - Imported 55 channels from which 49 are enabled
20130729 19:40:22 - [ 311MB] INFO     - channelimporter.py   - 131  - GetSingleChannel resulted in 1 channel(s)
20130729 19:40:22 - [ 311MB] INFO     - channelimporter.py   - 133  - GetSingleChannel found: Uitzendinggemist.nl (uzg) [nl, C2FB7F24-C5B5-11DF-A324-616DDFD72085] (Order: 0)
20130729 19:40:22 - [ 311MB] INFO     - chn_nos2010.py       - 849  - Setting the Cookie-Consent cookie for www.uitzendinggemist.nl
20130729 19:40:22 - [ 311MB] INFO     - urihandler.py        - 313  - Opening requested uri Async: http://pi.omroep.nl/info/security/ (already 1 threads)
20130729 19:40:22 - [ 311MB] INFO     - urihandler.py        - 363  - Url http://pi.omroep.nl/info/security/ was opened successfully
20130729 19:40:22 - [ 311MB] INFO     - plugin.py            - 172  - Loaded: Uitzendinggemist.nl
20130729 19:40:22 - [ 311MB] INFO     - urihandler.py        - 313  - Opening requested uri Async: http://www.uitzendinggemist.nl/afleveringen/1357995 (already 1 threads)
20130729 19:40:23 - [ 311MB] INFO     - urihandler.py        - 363  - Url http://www.uitzendinggemist.nl/afleveringen/1357995 was opened successfully
20130729 19:40:23 - [ 311MB] INFO     - urihandler.py        - 313  - Opening requested uri Async: http://ea.omroep.nl/tt888/embedplayer/9ea79997b4eb9c8414cac244df68e763/51f6c51d/aflevering/15866662/format/sami (already 1 threads)
20130729 19:40:23 - [ 311MB] INFO     - urihandler.py        - 363  - Url http://ea.omroep.nl/tt888/embedplayer/9ea79997b4eb9c8414cac244df68e763/51f6c51d/aflevering/15866662/format/sami was opened successfully
20130729 19:40:23 - [ 311MB] INFO     - subtitlehelper.py    - 88   - Saved SRT as /storage/.xbmc/userdata/addon_data/net.rieter.xot/cache/15866662.srt
20130729 19:40:23 - [ 311MB] INFO     - urihandler.py        - 313  - Opening requested uri Async: http://pi.omroep.nl/info/metadata/aflevering/15866662/4F7D323444EAE333E2415B52F43BF7B5 (already 1 threads)
20130729 19:40:24 - [ 311MB] INFO     - urihandler.py        - 363  - Url http://pi.omroep.nl/info/metadata/aflevering/15866662/4F7D323444EAE333E2415B52F43BF7B5 was opened successfully
20130729 19:40:24 - [ 311MB] INFO     - urihandler.py        - 313  - Opening requested uri Async: http://pi.omroep.nl/info/stream/aflevering/15866662/4F7D323444EAE333E2415B52F43BF7B5 (already 1 threads)
20130729 19:40:24 - [ 311MB] INFO     - urihandler.py        - 363  - Url http://pi.omroep.nl/info/stream/aflevering/15866662/4F7D323444EAE333E2415B52F43BF7B5 was opened successfully
20130729 19:40:24 - [ 311MB] INFO     - urihandler.py        - 198  - Creating Downloader for url: http://odi.omroep.nl/video/embedplayer/h264_std/91e388487f9a5e9699f8946504697527/51f6c528/POW_00635292/?type=http&amp;. And filename /storage/.xbmc/userdata/addon_data/net.rieter.xot/cache/xot.B4659A522C090D6E6B8511374D110984.1000kbps-3opReis-zo28jul2013,1955.mp4.
20130729 19:40:25 - [ 311MB] INFO     - urihandler.py        - 217  - FileSize is known (fileSize=249081432)
20130729 19:40:59 - [ 312MB] INFO     - urihandler.py        - 245  - Download Cancelled
20130729 19:40:59 - [ 312MB] INFO     - urihandler.py        - 247  - Removing partly downloaded item: /storage/.xbmc/userdata/addon_data/net.rieter.xot/cache/xot.B4659A522C090D6E6B8511374D110984.1000kbps-3opReis-zo28jul2013,1955.mp4
20130729 19:40:59 - [ 311MB] ERROR    - chn_class.py         - 911  - Cannot download stream MediaStream: http://odi.omroep.nl/video/embedplayer/h264_std/91e388487f9a5e9699f8946504697527/51f6c528/POW_00635292/?type=http&amp; [bitrate=1000, downloaded=False] 
20130729 19:40:59 - [ 311MB] ERROR    - chn_class.py         - 911  - | From: MediaPart: 3 op Reis - zo 28 jul 2013, 19:55 [CanStream=False, UserAgent=None]
20130729 19:40:59 - [ 311MB] ERROR    - chn_class.py         - 911  - |  + Subtitle: /storage/.xbmc/userdata/addon_data/net.rieter.xot/cache/15866662.srt
20130729 19:40:59 - [ 311MB] ERROR    - chn_class.py         - 911  - |  + MediaStream: http://odi.omroep.nl/video/embedplayer/h264_sb/1cab427af233113cd57c039d5e9b85b4/51f6c528/POW_00635292/?type=http&amp; [bitrate=220, downloaded=False]
20130729 19:40:59 - [ 311MB] ERROR    - chn_class.py         - 911  - |  + MediaStream: http://odi.omroep.nl/video/embedplayer/h264_bb/24bd44537494ffc27a57b5d6c84e754d/51f6c528/POW_00635292/?type=http&amp; [bitrate=500, downloaded=False]
20130729 19:40:59 - [ 311MB] ERROR    - chn_class.py         - 911  - +  + MediaStream: http://odi.omroep.nl/video/embedplayer/h264_std/91e388487f9a5e9699f8946504697527/51f6c528/POW_00635292/?type=http&amp; [bitrate=1000, downloaded=False]
20130729 19:40:59 - [ 311MB] WARNING  - plugin.py            - 450  - PlayVideoItem did not return valid playdata
20130729 19:40:59 - [ 311MB] INFO     - default.py           - 99   - XOT-Uzg.v3 :: Flushing and closing logfile.
